<?xml version="1.0" encoding="UTF-8"?>
<!-- Generated by org.testng.reporters.JUnitReportReporter -->
<testsuite hostname="Ananth-PC" name="Package1.Sample9" tests="2" failures="0" timestamp="21 Mar 2014 13:26:58 GMT" time="0.004" errors="0">
  <testcase name="Test2" time="0.004" classname="Package1.Sample9"/>
  <testcase name="Test3" time="0.000" classname="Package1.Sample9"/>
</testsuite> <!-- Package1.Sample9 -->
