<?xml version="1.0" encoding="UTF-8"?>
<!-- Generated by org.testng.reporters.JUnitReportReporter -->
<testsuite hostname="Ananth-PC" name="Package1.Sample1" tests="3" failures="0" timestamp="21 Mar 2014 12:58:31 GMT" time="0.008" errors="0">
  <testcase name="Test1" time="0.007" classname="Package1.Sample1"/>
  <testcase name="Test3" time="0.000" classname="Package1.Sample1"/>
  <testcase name="Test2" time="0.001" classname="Package1.Sample1"/>
</testsuite> <!-- Package1.Sample1 -->
