<?xml version="1.0" encoding="UTF-8"?>
<!-- Generated by org.testng.reporters.JUnitReportReporter -->
<testsuite hostname="Ananth-PC" name="Package1.Sample8" tests="2" failures="0" timestamp="21 Mar 2014 13:26:17 GMT" time="0.015" errors="0">
  <testcase name="Test2" time="0.014" classname="Package1.Sample8"/>
  <testcase name="Test3" time="0.001" classname="Package1.Sample8"/>
</testsuite> <!-- Package1.Sample8 -->
